Arguments: 
  /opt/homebrew/Cellar/node/19.0.1/bin/node /opt/homebrew/bin/yarn upgrade @rails/webpacker --latest

PATH: 
  /Users/john/.rvm/gems/ruby-3.0.0/bin:/Users/john/.rvm/gems/ruby-3.0.0@global/bin:/Users/john/.rvm/rubies/ruby-3.0.0/bin:/Users/john/.rvm/bin:/opt/homebrew/bin:/opt/homebrew/sbin:/usr/local/bin:/usr/bin:/bin:/usr/sbin:/sbin:/Applications/Visual Studio Code.app/Contents/Resources/app/bin

Yarn version: 
  1.22.19

Node version: 
  19.0.1

Platform: 
  darwin arm64

Trace: 
  SyntaxError: Invalid value type 133:0 in /Users/john/Desktop/rails/branch-p/yarn.lock
      at Parser.unexpected (/opt/homebrew/lib/node_modules/yarn/lib/cli.js:63491:11)
      at Parser.parse (/opt/homebrew/lib/node_modules/yarn/lib/cli.js:63619:16)
      at Parser.parse (/opt/homebrew/lib/node_modules/yarn/lib/cli.js:63596:26)
      at parse (/opt/homebrew/lib/node_modules/yarn/lib/cli.js:63696:21)
      at module.exports.exports.default (/opt/homebrew/lib/node_modules/yarn/lib/cli.js:63258:96)
      at Function.<anonymous> (/opt/homebrew/lib/node_modules/yarn/lib/cli.js:3068:63)
      at Generator.next (<anonymous>)
      at step (/opt/homebrew/lib/node_modules/yarn/lib/cli.js:310:30)
      at /opt/homebrew/lib/node_modules/yarn/lib/cli.js:321:13

npm manifest: 
  {
    "name": "app",
    "private": "true",
    "dependencies": {
      "@hotwired/stimulus": "^3.0.1",
      "@hotwired/turbo-rails": "^7.1.1",
      "@popperjs/core": "^2.11.5",
      "@webpixels/css": "^1.1.92",
      "bootstrap": "^5.1.3",
      "bootstrap-icons": "^1.8.1",
      "esbuild": "^0.14.38",
      "inputmask": "^5.0.7",
      "jquery": "^3.6.0",
      "jquery-validation": "^1.19.3",
      "sass": "^1.51.0",
      "stimulus-autocomplete": "^3.0.2",
      "stimulus-password-visibility": "^2.0.0",
      "stimulus-rails-nested-form": "^4.0.0",
      "yarn": "^1.22.19"
    },
    "scripts": {
      "build": "esbuild app/javascript/*.* --bundle --sourcemap --outdir=app/assets/builds",
      "build:css": "sass ./app/assets/stylesheets/application.bootstrap.scss ./app/assets/builds/application.css --no-source-map --load-path=node_modules"
    }
  }

yarn manifest: 
  No manifest

Lockfile: 
  # THIS IS AN AUTOGENERATED FILE. DO NOT EDIT THIS FILE DIRECTLY.
  # yarn lockfile v1
  
  
  "@hotwired/stimulus@^3.0.0", "@hotwired/stimulus@^3.0.1":
    version "3.0.1"
    resolved "https://registry.npmjs.org/@hotwired/stimulus/-/stimulus-3.0.1.tgz"
    integrity sha512-oHsJhgY2cip+K2ED7vKUNd2P+BEswVhrCYcJ802DSsblJFv7mPFVk3cQKvm2vHgHeDVdnj7oOKrBbzp1u8D+KA==
  
  "@hotwired/turbo-rails@^7.1.1":
    version "7.1.1"
    resolved "https://registry.npmjs.org/@hotwired/turbo-rails/-/turbo-rails-7.1.1.tgz"
    integrity sha512-ZXpxUjCfkdbuXfoGrsFK80qsVzACs8xCfie9rt2jMTSN6o1olXVA0Nrk8u02yNEwSiVJm/4QSOa8cUcMj6VQjg==
    dependencies:
      "@hotwired/turbo" "^7.1.0"
      "@rails/actioncable" "^7.0"
  
  "@hotwired/turbo@^7.1.0":
    version "7.1.0"
    resolved "https://registry.npmjs.org/@hotwired/turbo/-/turbo-7.1.0.tgz"
    integrity sha512-Q8kGjqwPqER+CtpQudbH+3Zgs2X4zb6pBAlr6NsKTXadg45pAOvxI9i4QpuHbwSzR2+x87HUm+rot9F/Pe8rxA==
  
  "@popperjs/core@^2.10.2", "@popperjs/core@^2.11.5", "@popperjs/core@^2.9.2":
    version "2.11.5"
    resolved "https://registry.npmjs.org/@popperjs/core/-/core-2.11.5.tgz"
    integrity sha512-9X2obfABZuDVLCgPK9aX0a/x4jaOEweTTWE2+9sr0Qqqevj2Uv5XorvusThmc9XGYpS9yI+fhh8RTafBtGposw==
  
  "@rails/actioncable@^7.0":
    version "7.0.3"
    resolved "https://registry.npmjs.org/@rails/actioncable/-/actioncable-7.0.3.tgz"
    integrity sha512-Iefl21FZD+ck1di6xSHMYzSzRiNJTHV4NrAzCfDfqc/wPz4xncrP8f2/fJ+2jzwKIaDn76UVMsALh7R5OzsF8Q==
  
  "@webpixels/css@^1.1.92":
    version "1.1.92"
    resolved "https://registry.npmjs.org/@webpixels/css/-/css-1.1.92.tgz"
    integrity sha512-eFJIZAJxmRYes0XagsUMetsk6doBQR7yA064s2x60FpB7LdvgMktMq1eWG3qp9y4xwLOurvQXelffYPVQARmzA==
  
  anymatch@~3.1.2:
    version "3.1.2"
    resolved "https://registry.npmjs.org/anymatch/-/anymatch-3.1.2.tgz"
    integrity sha512-P43ePfOAIupkguHUycrc4qJ9kz8ZiuOUijaETwX7THt0Y/GNK7v0aa8rY816xWjZ7rJdA5XdMcpVFTKMq+RvWg==
    dependencies:
      normalize-path "^3.0.0"
      picomatch "^2.0.4"
  
  binary-extensions@^2.0.0:
    version "2.2.0"
    resolved "https://registry.npmjs.org/binary-extensions/-/binary-extensions-2.2.0.tgz"
    integrity sha512-jDctJ/IVQbZoJykoeHbhXpOlNBqGNcwXJKJog42E5HDPUwQTSdjCHdihjj0DlnheQ7blbT6dHOafNAiS8ooQKA==
  
  bootstrap-icons@^1.8.1:
    version "1.8.1"
    resolved "https://registry.npmjs.org/bootstrap-icons/-/bootstrap-icons-1.8.1.tgz"
    integrity sha512-IXUqislddPJfwq6H+2nTkHyr9epO9h6u1AG0OZCx616w+TgzeoCjfmI3qJMQqt1J586gN2IxzB4M99Ip4sTZ1w==
  
  bootstrap@^5.1.3:
    version "5.1.3"
    resolved "https://registry.npmjs.org/bootstrap/-/bootstrap-5.1.3.tgz"
    integrity sha512-fcQztozJ8jToQWXxVuEyXWW+dSo8AiXWKwiSSrKWsRB/Qt+Ewwza+JWoLKiTuQLaEPhdNAJ7+Dosc9DOIqNy7Q==
  
  braces@~3.0.2:
    version "3.0.2"
    resolved "https://registry.npmjs.org/braces/-/braces-3.0.2.tgz"
    integrity sha512-b8um+L1RzM3WDSzvhm6gIz1yfTbBt6YTlcEKAvsmqCZZFw46z626lVj9j1yEPW33H5H+lBQpZMP1k8l+78Ha0A==
    dependencies:
      fill-range "^7.0.1"
  
  "chokidar@>=3.0.0 <4.0.0":
    version "3.5.3"
    resolved "https://registry.npmjs.org/chokidar/-/chokidar-3.5.3.tgz"
    integrity sha512-Dr3sfKRP6oTcjf2JmUmFJfeVMvXBdegxB0iVQ5eb2V10uFJUCAS8OByZdVAyVb8xXNz3GjjTgj9kLWsZTqE6kw==
    dependencies:
      anymatch "~3.1.2"
      braces "~3.0.2"
      glob-parent "~5.1.2"
      is-binary-path "~2.1.0"
      is-glob "~4.0.1"
      normalize-path "~3.0.0"
      readdirp "~3.6.0"
    optionalDependencies:
      fsevents "~2.3.2"
  
  esbuild-darwin-arm64@0.14.38:
    version "0.14.38"
    resolved "https://registry.npmjs.org/esbuild-darwin-arm64/-/esbuild-darwin-arm64-0.14.38.tgz"
    integrity sha512-eqF+OejMI3mC5Dlo9Kdq/Ilbki9sQBw3QlHW3wjLmsLh+quNfHmGMp3Ly1eWm981iGBMdbtSS9+LRvR2T8B3eQ==
  
  esbuild@^0.14.38:
    version "0.14.38"
    resolved "https://registry.npmjs.org/esbuild/-/esbuild-0.14.38.tgz"
    integrity sha512-12fzJ0fsm7gVZX1YQ1InkOE5f9Tl7cgf6JPYXRJtPIoE0zkWAbHdPHVPPaLi9tYAcEBqheGzqLn/3RdTOyBfcA==
    optionalDependencies:
      esbuild-android-64 "0.14.38"
      esbuild-android-arm64 "0.14.38"
      esbuild-darwin-64 "0.14.38"
      esbuild-darwin-arm64 "0.14.38"
      esbuild-freebsd-64 "0.14.38"
      esbuild-freebsd-arm64 "0.14.38"
      esbuild-linux-32 "0.14.38"
      esbuild-linux-64 "0.14.38"
      esbuild-linux-arm "0.14.38"
      esbuild-linux-arm64 "0.14.38"
      esbuild-linux-mips64le "0.14.38"
      esbuild-linux-ppc64le "0.14.38"
      esbuild-linux-riscv64 "0.14.38"
      esbuild-linux-s390x "0.14.38"
      esbuild-netbsd-64 "0.14.38"
      esbuild-openbsd-64 "0.14.38"
      esbuild-sunos-64 "0.14.38"
      esbuild-windows-32 "0.14.38"
      esbuild-windows-64 "0.14.38"
      esbuild-windows-arm64 "0.14.38"
  
  fill-range@^7.0.1:
    version "7.0.1"
    resolved "https://registry.npmjs.org/fill-range/-/fill-range-7.0.1.tgz"
    integrity sha512-qOo9F+dMUmC2Lcb4BbVvnKJxTPjCm+RRpe4gDuGrzkL7mEVl/djYSu2OdQ2Pa302N4oqkSg9ir6jaLWJ2USVpQ==
    dependencies:
      to-regex-range "^5.0.1"
  
  fsevents@~2.3.2:
    version "2.3.2"
    resolved "https://registry.npmjs.org/fsevents/-/fsevents-2.3.2.tgz"
    integrity sha512-xiqMQR4xAeHTuB9uWm+fFRcIOgKBMiOBP+eXiyT7jsgVCq1bkVygt00oASowB7EdtpOHaaPgKt812P9ab+DDKA==
  
  glob-parent@~5.1.2:
    version "5.1.2"
    resolved "https://registry.npmjs.org/glob-parent/-/glob-parent-5.1.2.tgz"
    integrity sha512-AOIgSQCepiJYwP3ARnGx+5VnTu2HBYdzbGP45eLw1vr3zB3vZLeyed1sC9hnbcOc9/SrMyM5RPQrkGz4aS9Zow==
    dependencies:
      is-glob "^4.0.1"
  
  immutable@^4.0.0:
    version "4.0.0"
    resolved "https://registry.npmjs.org/immutable/-/immutable-4.0.0.tgz"
    integrity sha512-zIE9hX70qew5qTUjSS7wi1iwj/l7+m54KWU247nhM3v806UdGj1yDndXj+IOYxxtW9zyLI+xqFNZjTuDaLUqFw==
  
  inputmask@^5.0.7:
    version "5.0.7"
    resolved "https://registry.npmjs.org/inputmask/-/inputmask-5.0.7.tgz"
    integrity sha512-rUxbRDS25KEib+c/Ow+K01oprU/+EK9t9SOPC8ov94/ftULGDqj1zOgRU/Hko6uzoKRMdwCfuhAafJ/Wk2wffQ==
  
  is-binary-path@~2.1.0:
    version "2.1.0"
    resolved "https://registry.npmjs.org/is-binary-path/-/is-binary-path-2.1.0.tgz"
    integrity sha512-ZMERYes6pDydyuGidse7OsHxtbI7WVeUEozgR/g7rd0xUimYNlvZRE/K2MgZTjWy725IfelLeVcEM97mmtRGXw==
    dependencies:
      binary-extensions "^2.0.0"
  
  is-extglob@^2.1.1:
    version "2.1.1"
    resolved "https://registry.npmjs.org/is-extglob/-/is-extglob-2.1.1.tgz"
    integrity sha1-qIwCU1eR8C7TfHahueqXc8gz+MI= sha512-SbKbANkN603Vi4jEZv49LeVJMn4yGwsbzZworEoyEiutsN3nJYdbO36zfhGJ6QEDpOZIFkDtnq5JRxmvl3jsoQ==
  
  is-glob@^4.0.1, is-glob@~4.0.1:
    version "4.0.3"
    resolved "https://registry.npmjs.org/is-glob/-/is-glob-4.0.3.tgz"
    integrity sha512-xelSayHH36ZgE7ZWhli7pW34hNbNl8Ojv5KVmkJD4hBdD3th8Tfk9vYasLM+mXWOZhFkgZfxhLSnrwRr4elSSg==
    dependencies:
      is-extglob "^2.1.1"
  
  is-number@^7.0.0:
    version "7.0.0"
    resolved "https://registry.npmjs.org/is-number/-/is-number-7.0.0.tgz"
    integrity sha512-41Cifkg6e8TylSpdtTpeLVMqvSBEVzTttHvERD741+pnZ8ANv0004MRL43QKPDlK9cGvNp6NZWZUBlbGXYxxng==
  
  jquery-validation@^1.19.3:
    version "1.19.3"
    resolved "https://registry.npmjs.org/jquery-validation/-/jquery-validation-1.19.3.tgz"
    integrity sha512-iXxCS5W7STthSTMFX/NDZfWHBLbJ1behVK3eAgHXAV8/0vRa9M4tiqHvJMr39VGWHMGdlkhrtrkBuaL2UlE8yw==
  
  "jquery@^1.7 || ^2.0 || ^3.1", jquery@^3.6.0:
    version "3.6.0"
    resolved "https://registry.npmjs.org/jquery/-/jquery-3.6.0.tgz"
    integrity sha512-JVzAR/AjBvVt2BmYhxRCSYysDsPcssdmTFnzyLEts9qNwmjmu4JTAMYubEfwVOSwpQ1I1sKKFcxhZCI2buerfw==
  
  normalize-path@^3.0.0, normalize-path@~3.0.0:
    version "3.0.0"
    resolved "https://registry.npmjs.org/normalize-path/-/normalize-path-3.0.0.tgz"
    integrity sha512-6eZs5Ls3WtCisHWp9S2GUy8dqkpGi4BVSz3GaqiE6ezub0512ESztXUwUB6C6IKbQkY2Pnb/mD4WYojCRwcwLA==
  
  picomatch@^2.0.4, picomatch@^2.2.1:
    version "2.3.1"
    resolved "https://registry.npmjs.org/picomatch/-/picomatch-2.3.1.tgz"
    integrity sha512-JU3teHTNjmE2VCGFzuY8EXzCDVwEqB2a8fsIvwaStHhAWJEeVd1o1QD80CU6+ZdEXXSLbSsuLwJjkCBWqRQUVA==
  
  readdirp@~3.6.0:
    version "3.6.0"
    resolved "https://registry.npmjs.org/readdirp/-/readdirp-3.6.0.tgz"
    integrity sha512-hOS089on8RduqdbhvQ5Z37A0ESjsqz6qnRcffsMU3495FuTdqSm+7bhJ29JvIOsBDEEnan5DPu9t3To9VRlMzA==
    dependencies:
      picomatch "^2.2.1"
  
  sass@^1.51.0:
    version "1.51.0"
    resolved "https://registry.npmjs.org/sass/-/sass-1.51.0.tgz"
    integrity sha512-haGdpTgywJTvHC2b91GSq+clTKGbtkkZmVAb82jZQN/wTy6qs8DdFm2lhEQbEwrY0QDRgSQ3xDurqM977C3noA==
    dependencies:
      chokidar ">=3.0.0 <4.0.0"
      immutable "^4.0.0"
      source-map-js ">=0.6.2 <2.0.0"
  
  "source-map-js@>=0.6.2 <2.0.0":
    version "1.0.2"
    resolved "https://registry.npmjs.org/source-map-js/-/source-map-js-1.0.2.tgz"
    integrity sha512-R0XvVJ9WusLiqTCEiGCmICCMplcCkIwwR11mOSD9CR5u+IXYdiseeEuXCVAjS54zqwkLcPNnmU4OeJ6tUrWhDw==
  
  stimulus-autocomplete@^3.0.2:
    version "3.0.2"
    resolved "https://registry.npmjs.org/stimulus-autocomplete/-/stimulus-autocomplete-3.0.2.tgz"
    integrity sha512-8bluCHjz1cgPHu/V0OKhRrGG6V2ordFC+aQwYLJ0U0cRZCq8j10Z6j+DFTsDirFl7NO9iPL1j2z0/CUxeXw2gw==
  
  stimulus-password-visibility@^2.0.0:
    version "2.0.0"
    resolved "https://registry.npmjs.org/stimulus-password-visibility/-/stimulus-password-visibility-2.0.0.tgz"
    integrity sha512-QMyjkpB7QykEHAdlzSIQ6UGgqS6s7xbroTD64vPvcA5kSMfTzLNDXGhQAyFtj3Sfn0aP0htqSqeQ0rqksqcMzA==
  
  stimulus-rails-nested-form@^4.0.0:
    version "4.0.0"
    resolved "https://registry.npmjs.org/stimulus-rails-nested-form/-/stimulus-rails-nested-form-4.0.0.tgz"
    integrity sha512-nE2dM0glgjBvUq/gzORJ+94wITOijoYMZWIrkXSNNH8BpELwH8zg9fuad0X+ZBrhjQrYuNW2R0zLgX69oIzMvw==
  
  to-regex-range@^5.0.1:
    version "5.0.1"
    resolved "https://registry.npmjs.org/to-regex-range/-/to-regex-range-5.0.1.tgz"
    integrity sha512-65P7iz6X5yEr1cwcgvQxbbIw7Uk3gOy5dIdtZ4rDveLqhrdJP+Li/Hx6tyK0NEb+2GCyneCMJiGqrADCSNk8sQ==
    dependencies:
      is-number "^7.0.0"
  
  yarn@^1.22.19:
    version "1.22.19"
    resolved "https://registry.npmjs.org/yarn/-/yarn-1.22.19.tgz"
    integrity sha512-/0V5q0WbslqnwP91tirOvldvYISzaqhClxzyUKXYxs07yUILIs5jx/k6CFe8bvKSkds5w+eiOqta39Wk3WxdcQ==
